# JRE version: OpenJDK Runtime Environment Temurin-21.0.9+10 (21.0.9+10) (build 21.0.9+10-LTS)
# Java VM: OpenJDK 64-Bit Server VM Temurin-21.0.9+10 (21.0.9+10-LTS, mixed mode, sharing, tiered, compressed oops, compressed class ptrs, parallel gc, windows-amd64)
GC Precious Log:
 CardTable entry size: 512
 CPUs: 12 total, 12 available
 Memory: 7579M
 Large Page Support: Disabled
 NUMA Support: Disabled
 Compressed Oops: Enabled (32-bit)
 Alignments: Space 512K, Generation 512K, Heap 2M
 Heap Min Capacity: 100M
 Heap Initial Capacity: 100M
 Heap Max Capacity: 2G
 Pre-touch: Disabled
 Parallel Workers: 10
Heap:
 PSYoungGen      total 13824K, used 9731K [0x00000000d5580000, 0x00000000d6480000, 0x0000000100000000)
  eden space 13312K, 69% used [0x00000000d5580000,0x00000000d5e82668,0x00000000d6280000)
  from space 512K, 98% used [0x00000000d6280000,0x00000000d62fe8c8,0x00000000d6300000)
  to   space 1024K, 0% used [0x00000000d6380000,0x00000000d6380000,0x00000000d6480000)
 ParOldGen       total 81920K, used 74816K [0x0000000080000000, 0x0000000085000000, 0x00000000d5580000)
  object space 81920K, 91% used [0x0000000080000000,0x0000000084910140,0x0000000085000000)
 Metaspace       used 60038K, committed 61440K, reserved 1114112K
  class space    used 6510K, committed 7104K, reserved 1048576K
GC Heap History (20 events):
Event: 14.903 GC heap before
{Heap before GC invocations=55 (full 2):
 PSYoungGen      total 14336K, used 14322K [0x00000000d5580000, 0x00000000d6900000, 0x0000000100000000)
  eden space 13824K, 100% used [0x00000000d5580000,0x00000000d6300000,0x00000000d6300000)
  from space 512K, 97% used [0x00000000d6580000,0x00000000d65fc940,0x00000000d6600000)
  to   space 2560K, 0% used [0x00000000d6300000,0x00000000d6300000,0x00000000d6580000)
 ParOldGen       total 68608K, used 65977K [0x0000000080000000, 0x0000000084300000, 0x00000000d5580000)
  object space 68608K, 96% used [0x0000000080000000,0x000000008406e788,0x0000000084300000)
 Metaspace       used 55698K, committed 57088K, reserved 1114112K
  class space    used 6061K, committed 6656K, reserved 1048576K
}
Event: 14.905 GC heap after
{Heap after GC invocations=55 (full 2):
 PSYoungGen      total 14848K, used 768K [0x00000000d5580000, 0x00000000d6600000, 0x0000000100000000)
  eden space 13824K, 0% used [0x00000000d5580000,0x00000000d5580000,0x00000000d6300000)
  from space 1024K, 75% used [0x00000000d6300000,0x00000000d63c0000,0x00000000d6400000)
  to   space 1536K, 0% used [0x00000000d6480000,0x00000000d6480000,0x00000000d6600000)
 ParOldGen       total 68608K, used 66500K [0x0000000080000000, 0x0000000084300000, 0x00000000d5580000)
  object space 68608K, 96% used [0x0000000080000000,0x00000000840f12e8,0x0000000084300000)
 Metaspace       used 55698K, committed 57088K, reserved 1114112K
  class space    used 6061K, committed 6656K, reserved 1048576K
}
Event: 14.948 GC heap before
{Heap before GC invocations=56 (full 2):
 PSYoungGen      total 14848K, used 14592K [0x00000000d5580000, 0x00000000d6600000, 0x0000000100000000)
  eden space 13824K, 100% used [0x00000000d5580000,0x00000000d6300000,0x00000000d6300000)
  from space 1024K, 75% used [0x00000000d6300000,0x00000000d63c0000,0x00000000d6400000)
  to   space 1536K, 0% used [0x00000000d6480000,0x00000000d6480000,0x00000000d6600000)
 ParOldGen       total 68608K, used 66500K [0x0000000080000000, 0x0000000084300000, 0x00000000d5580000)
  object space 68608K, 96% used [0x0000000080000000,0x00000000840f12e8,0x0000000084300000)
 Metaspace       used 55737K, committed 57088K, reserved 1114112K
  class space    used 6061K, committed 6656K, reserved 1048576K
}
Event: 14.950 GC heap after
{Heap after GC invocations=56 (full 2):
 PSYoungGen      total 14848K, used 646K [0x00000000d5580000, 0x00000000d6580000, 0x0000000100000000)
  eden space 13824K, 0% used [0x00000000d5580000,0x00000000d5580000,0x00000000d6300000)
  from space 1024K, 63% used [0x00000000d6480000,0x00000000d6521938,0x00000000d6580000)
  to   space 1024K, 0% used [0x00000000d6300000,0x00000000d6300000,0x00000000d6400000)
 ParOldGen       total 68608K, used 67164K [0x0000000080000000, 0x0000000084300000, 0x00000000d5580000)
  object space 68608K, 97% used [0x0000000080000000,0x00000000841972f8,0x0000000084300000)
 Metaspace       used 55737K, committed 57088K, reserved 1114112K
  class space    used 6061K, committed 6656K, reserved 1048576K
}
Event: 15.001 GC heap before
{Heap before GC invocations=57 (full 2):
 PSYoungGen      total 14848K, used 14466K [0x00000000d5580000, 0x00000000d6580000, 0x0000000100000000)
  eden space 13824K, 99% used [0x00000000d5580000,0x00000000d62ff278,0x00000000d6300000)
  from space 1024K, 63% used [0x00000000d6480000,0x00000000d6521938,0x00000000d6580000)
  to   space 1024K, 0% used [0x00000000d6300000,0x00000000d6300000,0x00000000d6400000)
 ParOldGen       total 68608K, used 67164K [0x0000000080000000, 0x0000000084300000, 0x00000000d5580000)
  object space 68608K, 97% used [0x0000000080000000,0x00000000841972f8,0x0000000084300000)
 Metaspace       used 55875K, committed 57216K, reserved 1114112K
  class space    used 6075K, committed 6656K, reserved 1048576K
}
Event: 15.003 GC heap after
{Heap after GC invocations=57 (full 2):
 PSYoungGen      total 14848K, used 780K [0x00000000d5580000, 0x00000000d6500000, 0x0000000100000000)
  eden space 13824K, 0% used [0x00000000d5580000,0x00000000d5580000,0x00000000d6300000)
  from space 1024K, 76% used [0x00000000d6300000,0x00000000d63c33d0,0x00000000d6400000)
  to   space 1024K, 0% used [0x00000000d6400000,0x00000000d6400000,0x00000000d6500000)
 ParOldGen       total 68608K, used 67701K [0x0000000080000000, 0x0000000084300000, 0x00000000d5580000)
  object space 68608K, 98% used [0x0000000080000000,0x000000008421d658,0x0000000084300000)
 Metaspace       used 55875K, committed 57216K, reserved 1114112K
  class space    used 6075K, committed 6656K, reserved 1048576K
}
Event: 15.060 GC heap before
{Heap before GC invocations=58 (full 2):
 PSYoungGen      total 14848K, used 14604K [0x00000000d5580000, 0x00000000d6500000, 0x0000000100000000)
  eden space 13824K, 100% used [0x00000000d5580000,0x00000000d6300000,0x00000000d6300000)
  from space 1024K, 76% used [0x00000000d6300000,0x00000000d63c33d0,0x00000000d6400000)
  to   space 1024K, 0% used [0x00000000d6400000,0x00000000d6400000,0x00000000d6500000)
 ParOldGen       total 68608K, used 67701K [0x0000000080000000, 0x0000000084300000, 0x00000000d5580000)
  object space 68608K, 98% used [0x0000000080000000,0x000000008421d680,0x0000000084300000)
 Metaspace       used 56346K, committed 57728K, reserved 1114112K
  class space    used 6112K, committed 6720K, reserved 1048576K
}
Event: 15.062 GC heap after
{Heap after GC invocations=58 (full 2):
 PSYoungGen      total 14848K, used 674K [0x00000000d5580000, 0x00000000d6500000, 0x0000000100000000)
  eden space 13824K, 0% used [0x00000000d5580000,0x00000000d5580000,0x00000000d6300000)
  from space 1024K, 65% used [0x00000000d6400000,0x00000000d64a88a0,0x00000000d6500000)
  to   space 1024K, 0% used [0x00000000d6300000,0x00000000d6300000,0x00000000d6400000)
 ParOldGen       total 68608K, used 68319K [0x0000000080000000, 0x0000000084300000, 0x00000000d5580000)
  object space 68608K, 99% used [0x0000000080000000,0x00000000842b7f08,0x0000000084300000)
 Metaspace       used 56346K, committed 57728K, reserved 1114112K
  class space    used 6112K, committed 6720K, reserved 1048576K
}
Event: 15.355 GC heap before
{Heap before GC invocations=59 (full 2):
 PSYoungGen      total 14848K, used 14498K [0x00000000d5580000, 0x00000000d6500000, 0x0000000100000000)
  eden space 13824K, 100% used [0x00000000d5580000,0x00000000d6300000,0x00000000d6300000)
  from space 1024K, 65% used [0x00000000d6400000,0x00000000d64a88a0,0x00000000d6500000)
  to   space 1024K, 0% used [0x00000000d6300000,0x00000000d6300000,0x00000000d6400000)
 ParOldGen       total 68608K, used 68322K [0x0000000080000000, 0x0000000084300000, 0x00000000d5580000)
  object space 68608K, 99% used [0x0000000080000000,0x00000000842b8838,0x0000000084300000)
 Metaspace       used 57227K, committed 58688K, reserved 1114112K
  class space    used 6216K, committed 6848K, reserved 1048576K
}
Event: 15.358 GC heap after
{Heap after GC invocations=59 (full 2):
 PSYoungGen      total 14848K, used 755K [0x00000000d5580000, 0x00000000d6500000, 0x0000000100000000)
  eden space 13824K, 0% used [0x00000000d5580000,0x00000000d5580000,0x00000000d6300000)
  from space 1024K, 73% used [0x00000000d6300000,0x00000000d63bcd90,0x00000000d6400000)
  to   space 1024K, 0% used [0x00000000d6400000,0x00000000d6400000,0x00000000d6500000)
 ParOldGen       total 69120K, used 68870K [0x0000000080000000, 0x0000000084380000, 0x00000000d5580000)
  object space 69120K, 99% used [0x0000000080000000,0x0000000084341bd8,0x0000000084380000)
 Metaspace       used 57227K, committed 58688K, reserved 1114112K
  class space    used 6216K, committed 6848K, reserved 1048576K
}
Event: 361.754 GC heap before
{Heap before GC invocations=60 (full 2):
 PSYoungGen      total 14848K, used 14579K [0x00000000d5580000, 0x00000000d6500000, 0x0000000100000000)
  eden space 13824K, 100% used [0x00000000d5580000,0x00000000d6300000,0x00000000d6300000)
  from space 1024K, 73% used [0x00000000d6300000,0x00000000d63bcd90,0x00000000d6400000)
  to   space 1024K, 0% used [0x00000000d6400000,0x00000000d6400000,0x00000000d6500000)
 ParOldGen       total 69120K, used 68870K [0x0000000080000000, 0x0000000084380000, 0x00000000d5580000)
  object space 69120K, 99% used [0x0000000080000000,0x0000000084341bd8,0x0000000084380000)
 Metaspace       used 58151K, committed 59648K, reserved 1114112K
  class space    used 6307K, committed 6912K, reserved 1048576K
}
Event: 361.757 GC heap after
{Heap after GC invocations=60 (full 2):
 PSYoungGen      total 14848K, used 896K [0x00000000d5580000, 0x00000000d6500000, 0x0000000100000000)
  eden space 13824K, 0% used [0x00000000d5580000,0x00000000d5580000,0x00000000d6300000)
  from space 1024K, 87% used [0x00000000d6400000,0x00000000d64e0020,0x00000000d6500000)
  to   space 1024K, 0% used [0x00000000d6300000,0x00000000d6300000,0x00000000d6400000)
 ParOldGen       total 69632K, used 69332K [0x0000000080000000, 0x0000000084400000, 0x00000000d5580000)
  object space 69632K, 99% used [0x0000000080000000,0x00000000843b5268,0x0000000084400000)
 Metaspace       used 58151K, committed 59648K, reserved 1114112K
  class space    used 6307K, committed 6912K, reserved 1048576K
}
Event: 361.965 GC heap before
{Heap before GC invocations=61 (full 2):
 PSYoungGen      total 14848K, used 6435K [0x00000000d5580000, 0x00000000d6500000, 0x0000000100000000)
  eden space 13824K, 40% used [0x00000000d5580000,0x00000000d5ae8d00,0x00000000d6300000)
  from space 1024K, 87% used [0x00000000d6400000,0x00000000d64e0020,0x00000000d6500000)
  to   space 1024K, 0% used [0x00000000d6300000,0x00000000d6300000,0x00000000d6400000)
 ParOldGen       total 69632K, used 69332K [0x0000000080000000, 0x0000000084400000, 0x00000000d5580000)
  object space 69632K, 99% used [0x0000000080000000,0x00000000843b5268,0x0000000084400000)
 Metaspace       used 58389K, committed 59776K, reserved 1114112K
  class space    used 6345K, committed 6912K, reserved 1048576K
}
Event: 361.967 GC heap after
{Heap after GC invocations=61 (full 2):
 PSYoungGen      total 14848K, used 800K [0x00000000d5580000, 0x00000000d6500000, 0x0000000100000000)
  eden space 13824K, 0% used [0x00000000d5580000,0x00000000d5580000,0x00000000d6300000)
  from space 1024K, 78% used [0x00000000d6300000,0x00000000d63c8000,0x00000000d6400000)
  to   space 1024K, 0% used [0x00000000d6400000,0x00000000d6400000,0x00000000d6500000)
 ParOldGen       total 70144K, used 70036K [0x0000000080000000, 0x0000000084480000, 0x00000000d5580000)
  object space 70144K, 99% used [0x0000000080000000,0x0000000084465288,0x0000000084480000)
 Metaspace       used 58389K, committed 59776K, reserved 1114112K
  class space    used 6345K, committed 6912K, reserved 1048576K
}
Event: 361.967 GC heap before
{Heap before GC invocations=62 (full 3):
 PSYoungGen      total 14848K, used 800K [0x00000000d5580000, 0x00000000d6500000, 0x0000000100000000)
  eden space 13824K, 0% used [0x00000000d5580000,0x00000000d5580000,0x00000000d6300000)
  from space 1024K, 78% used [0x00000000d6300000,0x00000000d63c8000,0x00000000d6400000)
  to   space 1024K, 0% used [0x00000000d6400000,0x00000000d6400000,0x00000000d6500000)
 ParOldGen       total 70144K, used 70036K [0x0000000080000000, 0x0000000084480000, 0x00000000d5580000)
  object space 70144K, 99% used [0x0000000080000000,0x0000000084465288,0x0000000084480000)
 Metaspace       used 58389K, committed 59776K, reserved 1114112K
  class space    used 6345K, committed 6912K, reserved 1048576K
}
Event: 362.149 GC heap after
{Heap after GC invocations=62 (full 3):
 PSYoungGen      total 14848K, used 0K [0x00000000d5580000, 0x00000000d6500000, 0x0000000100000000)
  eden space 13824K, 0% used [0x00000000d5580000,0x00000000d5580000,0x00000000d6300000)
  from space 1024K, 0% used [0x00000000d6300000,0x00000000d6300000,0x00000000d6400000)
  to   space 1024K, 0% used [0x00000000d6400000,0x00000000d6400000,0x00000000d6500000)
 ParOldGen       total 70144K, used 50736K [0x0000000080000000, 0x0000000084480000, 0x00000000d5580000)
  object space 70144K, 72% used [0x0000000080000000,0x000000008318c120,0x0000000084480000)
 Metaspace       used 58384K, committed 59776K, reserved 1114112K
  class space    used 6343K, committed 6912K, reserved 1048576K
}
Event: 362.383 GC heap before
{Heap before GC invocations=63 (full 3):
 PSYoungGen      total 14848K, used 13824K [0x00000000d5580000, 0x00000000d6500000, 0x0000000100000000)
  eden space 13824K, 100% used [0x00000000d5580000,0x00000000d6300000,0x00000000d6300000)
  from space 1024K, 0% used [0x00000000d6300000,0x00000000d6300000,0x00000000d6400000)
  to   space 1024K, 0% used [0x00000000d6400000,0x00000000d6400000,0x00000000d6500000)
 ParOldGen       total 70144K, used 50736K [0x0000000080000000, 0x0000000084480000, 0x00000000d5580000)
  object space 70144K, 72% used [0x0000000080000000,0x000000008318c120,0x0000000084480000)
 Metaspace       used 58748K, committed 60160K, reserved 1114112K
  class space    used 6390K, committed 6976K, reserved 1048576K
}
Event: 362.385 GC heap after
{Heap after GC invocations=63 (full 3):
 PSYoungGen      total 14336K, used 1024K [0x00000000d5580000, 0x00000000d6600000, 0x0000000100000000)
  eden space 13312K, 0% used [0x00000000d5580000,0x00000000d5580000,0x00000000d6280000)
  from space 1024K, 100% used [0x00000000d6400000,0x00000000d6500000,0x00000000d6500000)
  to   space 1536K, 0% used [0x00000000d6280000,0x00000000d6280000,0x00000000d6400000)
 ParOldGen       total 70144K, used 50824K [0x0000000080000000, 0x0000000084480000, 0x00000000d5580000)
  object space 70144K, 72% used [0x0000000080000000,0x00000000831a2120,0x0000000084480000)
 Metaspace       used 58748K, committed 60160K, reserved 1114112K
  class space    used 6390K, committed 6976K, reserved 1048576K
}
Event: 362.569 GC heap before
{Heap before GC invocations=64 (full 3):
 PSYoungGen      total 14336K, used 14336K [0x00000000d5580000, 0x00000000d6600000, 0x0000000100000000)
  eden space 13312K, 100% used [0x00000000d5580000,0x00000000d6280000,0x00000000d6280000)
  from space 1024K, 100% used [0x00000000d6400000,0x00000000d6500000,0x00000000d6500000)
  to   space 1536K, 0% used [0x00000000d6280000,0x00000000d6280000,0x00000000d6400000)
 ParOldGen       total 81920K, used 73864K [0x0000000080000000, 0x0000000085000000, 0x00000000d5580000)
  object space 81920K, 90% used [0x0000000080000000,0x0000000084822140,0x0000000085000000)
 Metaspace       used 59294K, committed 60736K, reserved 1114112K
  class space    used 6448K, committed 7040K, reserved 1048576K
}
Event: 362.572 GC heap after
{Heap after GC invocations=64 (full 3):
 PSYoungGen      total 13824K, used 506K [0x00000000d5580000, 0x00000000d6480000, 0x0000000100000000)
  eden space 13312K, 0% used [0x00000000d5580000,0x00000000d5580000,0x00000000d6280000)
  from space 512K, 98% used [0x00000000d6280000,0x00000000d62fe8c8,0x00000000d6300000)
  to   space 1024K, 0% used [0x00000000d6380000,0x00000000d6380000,0x00000000d6480000)
 ParOldGen       total 81920K, used 74816K [0x0000000080000000, 0x0000000085000000, 0x00000000d5580000)
  object space 81920K, 91% used [0x0000000080000000,0x0000000084910140,0x0000000085000000)
 Metaspace       used 59294K, committed 60736K, reserved 1114112K
  class space    used 6448K, committed 7040K, reserved 1048576K
}

