# JRE version: OpenJDK Runtime Environment Temurin-21.0.9+10 (21.0.9+10) (build 21.0.9+10-LTS)
# Java VM: OpenJDK 64-Bit Server VM Temurin-21.0.9+10 (21.0.9+10-LTS, mixed mode, sharing, tiered, compressed oops, compressed class ptrs, parallel gc, windows-amd64)
GC Precious Log:
 CardTable entry size: 512
 CPUs: 12 total, 12 available
 Memory: 7579M
 Large Page Support: Disabled
 NUMA Support: Disabled
 Compressed Oops: Enabled (32-bit)
 Alignments: Space 512K, Generation 512K, Heap 2M
 Heap Min Capacity: 100M
 Heap Initial Capacity: 100M
 Heap Max Capacity: 2G
 Pre-touch: Disabled
 Parallel Workers: 10
Heap:
 PSYoungGen      total 13312K, used 3989K [0x00000000d5580000, 0x00000000d6480000, 0x0000000100000000)
  eden space 12288K, 26% used [0x00000000d5580000,0x00000000d58a5638,0x00000000d6180000)
  from space 1024K, 75% used [0x00000000d6380000,0x00000000d6440020,0x00000000d6480000)
  to   space 1024K, 0% used [0x00000000d6280000,0x00000000d6280000,0x00000000d6380000)
 ParOldGen       total 72192K, used 58488K [0x0000000080000000, 0x0000000084680000, 0x00000000d5580000)
  object space 72192K, 81% used [0x0000000080000000,0x000000008391e3a8,0x0000000084680000)
 Metaspace       used 62074K, committed 63616K, reserved 1114112K
  class space    used 6674K, committed 7360K, reserved 1048576K
GC Heap History (20 events):
Event: 57.628 GC heap before
{Heap before GC invocations=74 (full 2):
 PSYoungGen      total 14848K, used 14720K [0x00000000d5580000, 0x00000000d6500000, 0x0000000100000000)
  eden space 14336K, 100% used [0x00000000d5580000,0x00000000d6380000,0x00000000d6380000)
  from space 512K, 75% used [0x00000000d6400000,0x00000000d6460000,0x00000000d6480000)
  to   space 512K, 0% used [0x00000000d6480000,0x00000000d6480000,0x00000000d6500000)
 ParOldGen       total 71168K, used 71001K [0x0000000080000000, 0x0000000084580000, 0x00000000d5580000)
  object space 71168K, 99% used [0x0000000080000000,0x0000000084556688,0x0000000084580000)
 Metaspace       used 57929K, committed 59456K, reserved 1114112K
  class space    used 6235K, committed 6912K, reserved 1048576K
}
Event: 57.629 GC heap after
{Heap after GC invocations=74 (full 2):
 PSYoungGen      total 14848K, used 497K [0x00000000d5580000, 0x00000000d6580000, 0x0000000100000000)
  eden space 14336K, 0% used [0x00000000d5580000,0x00000000d5580000,0x00000000d6380000)
  from space 512K, 97% used [0x00000000d6480000,0x00000000d64fc7d0,0x00000000d6500000)
  to   space 1024K, 0% used [0x00000000d6380000,0x00000000d6380000,0x00000000d6480000)
 ParOldGen       total 71680K, used 71201K [0x0000000080000000, 0x0000000084600000, 0x00000000d5580000)
  object space 71680K, 99% used [0x0000000080000000,0x0000000084588688,0x0000000084600000)
 Metaspace       used 57929K, committed 59456K, reserved 1114112K
  class space    used 6235K, committed 6912K, reserved 1048576K
}
Event: 57.662 GC heap before
{Heap before GC invocations=75 (full 2):
 PSYoungGen      total 14848K, used 14833K [0x00000000d5580000, 0x00000000d6580000, 0x0000000100000000)
  eden space 14336K, 100% used [0x00000000d5580000,0x00000000d6380000,0x00000000d6380000)
  from space 512K, 97% used [0x00000000d6480000,0x00000000d64fc7d0,0x00000000d6500000)
  to   space 1024K, 0% used [0x00000000d6380000,0x00000000d6380000,0x00000000d6480000)
 ParOldGen       total 71680K, used 71201K [0x0000000080000000, 0x0000000084600000, 0x00000000d5580000)
  object space 71680K, 99% used [0x0000000080000000,0x0000000084588688,0x0000000084600000)
 Metaspace       used 57930K, committed 59456K, reserved 1114112K
  class space    used 6235K, committed 6912K, reserved 1048576K
}
Event: 57.663 GC heap after
{Heap after GC invocations=75 (full 2):
 PSYoungGen      total 15360K, used 352K [0x00000000d5580000, 0x00000000d6500000, 0x0000000100000000)
  eden space 14336K, 0% used [0x00000000d5580000,0x00000000d5580000,0x00000000d6380000)
  from space 1024K, 34% used [0x00000000d6380000,0x00000000d63d8000,0x00000000d6480000)
  to   space 512K, 0% used [0x00000000d6480000,0x00000000d6480000,0x00000000d6500000)
 ParOldGen       total 71680K, used 71540K [0x0000000080000000, 0x0000000084600000, 0x00000000d5580000)
  object space 71680K, 99% used [0x0000000080000000,0x00000000845dd098,0x0000000084600000)
 Metaspace       used 57930K, committed 59456K, reserved 1114112K
  class space    used 6235K, committed 6912K, reserved 1048576K
}
Event: 59.155 GC heap before
{Heap before GC invocations=76 (full 2):
 PSYoungGen      total 15360K, used 12932K [0x00000000d5580000, 0x00000000d6500000, 0x0000000100000000)
  eden space 14336K, 87% used [0x00000000d5580000,0x00000000d61c90e8,0x00000000d6380000)
  from space 1024K, 34% used [0x00000000d6380000,0x00000000d63d8000,0x00000000d6480000)
  to   space 512K, 0% used [0x00000000d6480000,0x00000000d6480000,0x00000000d6500000)
 ParOldGen       total 71680K, used 71540K [0x0000000080000000, 0x0000000084600000, 0x00000000d5580000)
  object space 71680K, 99% used [0x0000000080000000,0x00000000845dd098,0x0000000084600000)
 Metaspace       used 58295K, committed 59776K, reserved 1114112K
  class space    used 6265K, committed 6912K, reserved 1048576K
}
Event: 59.157 GC heap after
{Heap after GC invocations=76 (full 2):
 PSYoungGen      total 14848K, used 509K [0x00000000d5580000, 0x00000000d6580000, 0x0000000100000000)
  eden space 14336K, 0% used [0x00000000d5580000,0x00000000d5580000,0x00000000d6380000)
  from space 512K, 99% used [0x00000000d6480000,0x00000000d64ff600,0x00000000d6500000)
  to   space 1024K, 0% used [0x00000000d6380000,0x00000000d6380000,0x00000000d6480000)
 ParOldGen       total 72192K, used 71718K [0x0000000080000000, 0x0000000084680000, 0x00000000d5580000)
  object space 72192K, 99% used [0x0000000080000000,0x0000000084609a48,0x0000000084680000)
 Metaspace       used 58295K, committed 59776K, reserved 1114112K
  class space    used 6265K, committed 6912K, reserved 1048576K
}
Event: 59.157 GC heap before
{Heap before GC invocations=77 (full 3):
 PSYoungGen      total 14848K, used 509K [0x00000000d5580000, 0x00000000d6580000, 0x0000000100000000)
  eden space 14336K, 0% used [0x00000000d5580000,0x00000000d5580000,0x00000000d6380000)
  from space 512K, 99% used [0x00000000d6480000,0x00000000d64ff600,0x00000000d6500000)
  to   space 1024K, 0% used [0x00000000d6380000,0x00000000d6380000,0x00000000d6480000)
 ParOldGen       total 72192K, used 71718K [0x0000000080000000, 0x0000000084680000, 0x00000000d5580000)
  object space 72192K, 99% used [0x0000000080000000,0x0000000084609a48,0x0000000084680000)
 Metaspace       used 58295K, committed 59776K, reserved 1114112K
  class space    used 6265K, committed 6912K, reserved 1048576K
}
Event: 59.340 GC heap after
{Heap after GC invocations=77 (full 3):
 PSYoungGen      total 14848K, used 0K [0x00000000d5580000, 0x00000000d6580000, 0x0000000100000000)
  eden space 14336K, 0% used [0x00000000d5580000,0x00000000d5580000,0x00000000d6380000)
  from space 512K, 0% used [0x00000000d6480000,0x00000000d6480000,0x00000000d6500000)
  to   space 1024K, 0% used [0x00000000d6380000,0x00000000d6380000,0x00000000d6480000)
 ParOldGen       total 72192K, used 54873K [0x0000000080000000, 0x0000000084680000, 0x00000000d5580000)
  object space 72192K, 76% used [0x0000000080000000,0x00000000835967d0,0x0000000084680000)
 Metaspace       used 58290K, committed 59776K, reserved 1114112K
  class space    used 6263K, committed 6912K, reserved 1048576K
}
Event: 59.447 GC heap before
{Heap before GC invocations=78 (full 3):
 PSYoungGen      total 14848K, used 14336K [0x00000000d5580000, 0x00000000d6580000, 0x0000000100000000)
  eden space 14336K, 100% used [0x00000000d5580000,0x00000000d6380000,0x00000000d6380000)
  from space 512K, 0% used [0x00000000d6480000,0x00000000d6480000,0x00000000d6500000)
  to   space 1024K, 0% used [0x00000000d6380000,0x00000000d6380000,0x00000000d6480000)
 ParOldGen       total 72192K, used 54873K [0x0000000080000000, 0x0000000084680000, 0x00000000d5580000)
  object space 72192K, 76% used [0x0000000080000000,0x00000000835967d0,0x0000000084680000)
 Metaspace       used 58729K, committed 60224K, reserved 1114112K
  class space    used 6326K, committed 6976K, reserved 1048576K
}
Event: 59.452 GC heap after
{Heap after GC invocations=78 (full 3):
 PSYoungGen      total 15360K, used 1024K [0x00000000d5580000, 0x00000000d6780000, 0x0000000100000000)
  eden space 14336K, 0% used [0x00000000d5580000,0x00000000d5580000,0x00000000d6380000)
  from space 1024K, 100% used [0x00000000d6380000,0x00000000d6480000,0x00000000d6480000)
  to   space 2048K, 0% used [0x00000000d6580000,0x00000000d6580000,0x00000000d6780000)
 ParOldGen       total 72192K, used 55529K [0x0000000080000000, 0x0000000084680000, 0x00000000d5580000)
  object space 72192K, 76% used [0x0000000080000000,0x000000008363a7d0,0x0000000084680000)
 Metaspace       used 58729K, committed 60224K, reserved 1114112K
  class space    used 6326K, committed 6976K, reserved 1048576K
}
Event: 59.632 GC heap before
{Heap before GC invocations=79 (full 3):
 PSYoungGen      total 15360K, used 15360K [0x00000000d5580000, 0x00000000d6780000, 0x0000000100000000)
  eden space 14336K, 100% used [0x00000000d5580000,0x00000000d6380000,0x00000000d6380000)
  from space 1024K, 100% used [0x00000000d6380000,0x00000000d6480000,0x00000000d6480000)
  to   space 2048K, 0% used [0x00000000d6580000,0x00000000d6580000,0x00000000d6780000)
 ParOldGen       total 72192K, used 55529K [0x0000000080000000, 0x0000000084680000, 0x00000000d5580000)
  object space 72192K, 76% used [0x0000000080000000,0x000000008363a7d0,0x0000000084680000)
 Metaspace       used 59333K, committed 60864K, reserved 1114112K
  class space    used 6426K, committed 7104K, reserved 1048576K
}
Event: 59.636 GC heap after
{Heap after GC invocations=79 (full 3):
 PSYoungGen      total 14336K, used 2028K [0x00000000d5580000, 0x00000000d6b80000, 0x0000000100000000)
  eden space 12288K, 0% used [0x00000000d5580000,0x00000000d5580000,0x00000000d6180000)
  from space 2048K, 99% used [0x00000000d6580000,0x00000000d677b218,0x00000000d6780000)
  to   space 4096K, 0% used [0x00000000d6180000,0x00000000d6180000,0x00000000d6580000)
 ParOldGen       total 72192K, used 56975K [0x0000000080000000, 0x0000000084680000, 0x00000000d5580000)
  object space 72192K, 78% used [0x0000000080000000,0x00000000837a3e50,0x0000000084680000)
 Metaspace       used 59333K, committed 60864K, reserved 1114112K
  class space    used 6426K, committed 7104K, reserved 1048576K
}
Event: 59.714 GC heap before
{Heap before GC invocations=80 (full 3):
 PSYoungGen      total 14336K, used 14316K [0x00000000d5580000, 0x00000000d6b80000, 0x0000000100000000)
  eden space 12288K, 100% used [0x00000000d5580000,0x00000000d6180000,0x00000000d6180000)
  from space 2048K, 99% used [0x00000000d6580000,0x00000000d677b218,0x00000000d6780000)
  to   space 4096K, 0% used [0x00000000d6180000,0x00000000d6180000,0x00000000d6580000)
 ParOldGen       total 72192K, used 56975K [0x0000000080000000, 0x0000000084680000, 0x00000000d5580000)
  object space 72192K, 78% used [0x0000000080000000,0x00000000837a3e50,0x0000000084680000)
 Metaspace       used 59517K, committed 61056K, reserved 1114112K
  class space    used 6439K, committed 7104K, reserved 1048576K
}
Event: 59.717 GC heap after
{Heap after GC invocations=80 (full 3):
 PSYoungGen      total 14336K, used 1660K [0x00000000d5580000, 0x00000000d6680000, 0x0000000100000000)
  eden space 12288K, 0% used [0x00000000d5580000,0x00000000d5580000,0x00000000d6180000)
  from space 2048K, 81% used [0x00000000d6180000,0x00000000d631f138,0x00000000d6380000)
  to   space 2560K, 0% used [0x00000000d6400000,0x00000000d6400000,0x00000000d6680000)
 ParOldGen       total 72192K, used 57887K [0x0000000080000000, 0x0000000084680000, 0x00000000d5580000)
  object space 72192K, 80% used [0x0000000080000000,0x0000000083887de8,0x0000000084680000)
 Metaspace       used 59517K, committed 61056K, reserved 1114112K
  class space    used 6439K, committed 7104K, reserved 1048576K
}
Event: 59.792 GC heap before
{Heap before GC invocations=81 (full 3):
 PSYoungGen      total 14336K, used 13948K [0x00000000d5580000, 0x00000000d6680000, 0x0000000100000000)
  eden space 12288K, 100% used [0x00000000d5580000,0x00000000d6180000,0x00000000d6180000)
  from space 2048K, 81% used [0x00000000d6180000,0x00000000d631f138,0x00000000d6380000)
  to   space 2560K, 0% used [0x00000000d6400000,0x00000000d6400000,0x00000000d6680000)
 ParOldGen       total 72192K, used 57887K [0x0000000080000000, 0x0000000084680000, 0x00000000d5580000)
  object space 72192K, 80% used [0x0000000080000000,0x0000000083887de8,0x0000000084680000)
 Metaspace       used 59782K, committed 61312K, reserved 1114112K
  class space    used 6456K, committed 7104K, reserved 1048576K
}
Event: 59.795 GC heap after
{Heap after GC invocations=81 (full 3):
 PSYoungGen      total 13312K, used 745K [0x00000000d5580000, 0x00000000d6500000, 0x0000000100000000)
  eden space 12288K, 0% used [0x00000000d5580000,0x00000000d5580000,0x00000000d6180000)
  from space 1024K, 72% used [0x00000000d6400000,0x00000000d64ba710,0x00000000d6500000)
  to   space 1536K, 0% used [0x00000000d6200000,0x00000000d6200000,0x00000000d6380000)
 ParOldGen       total 72192K, used 58245K [0x0000000080000000, 0x0000000084680000, 0x00000000d5580000)
  object space 72192K, 80% used [0x0000000080000000,0x00000000838e16e8,0x0000000084680000)
 Metaspace       used 59782K, committed 61312K, reserved 1114112K
  class space    used 6456K, committed 7104K, reserved 1048576K
}
Event: 59.853 GC heap before
{Heap before GC invocations=82 (full 3):
 PSYoungGen      total 13312K, used 13033K [0x00000000d5580000, 0x00000000d6500000, 0x0000000100000000)
  eden space 12288K, 100% used [0x00000000d5580000,0x00000000d6180000,0x00000000d6180000)
  from space 1024K, 72% used [0x00000000d6400000,0x00000000d64ba710,0x00000000d6500000)
  to   space 1536K, 0% used [0x00000000d6200000,0x00000000d6200000,0x00000000d6380000)
 ParOldGen       total 72192K, used 58276K [0x0000000080000000, 0x0000000084680000, 0x00000000d5580000)
  object space 72192K, 80% used [0x0000000080000000,0x00000000838e9230,0x0000000084680000)
 Metaspace       used 60334K, committed 61888K, reserved 1114112K
  class space    used 6507K, committed 7168K, reserved 1048576K
}
Event: 59.856 GC heap after
{Heap after GC invocations=82 (full 3):
 PSYoungGen      total 13824K, used 352K [0x00000000d5580000, 0x00000000d6480000, 0x0000000100000000)
  eden space 12288K, 0% used [0x00000000d5580000,0x00000000d5580000,0x00000000d6180000)
  from space 1536K, 22% used [0x00000000d6200000,0x00000000d6258000,0x00000000d6380000)
  to   space 1024K, 0% used [0x00000000d6380000,0x00000000d6380000,0x00000000d6480000)
 ParOldGen       total 72192K, used 58364K [0x0000000080000000, 0x0000000084680000, 0x00000000d5580000)
  object space 72192K, 80% used [0x0000000080000000,0x00000000838ff230,0x0000000084680000)
 Metaspace       used 60334K, committed 61888K, reserved 1114112K
  class space    used 6507K, committed 7168K, reserved 1048576K
}
Event: 65.625 GC heap before
{Heap before GC invocations=83 (full 3):
 PSYoungGen      total 13824K, used 12640K [0x00000000d5580000, 0x00000000d6480000, 0x0000000100000000)
  eden space 12288K, 100% used [0x00000000d5580000,0x00000000d6180000,0x00000000d6180000)
  from space 1536K, 22% used [0x00000000d6200000,0x00000000d6258000,0x00000000d6380000)
  to   space 1024K, 0% used [0x00000000d6380000,0x00000000d6380000,0x00000000d6480000)
 ParOldGen       total 72192K, used 58368K [0x0000000080000000, 0x0000000084680000, 0x00000000d5580000)
  object space 72192K, 80% used [0x0000000080000000,0x00000000839003a8,0x0000000084680000)
 Metaspace       used 62008K, committed 63552K, reserved 1114112K
  class space    used 6668K, committed 7296K, reserved 1048576K
}
Event: 65.627 GC heap after
{Heap after GC invocations=83 (full 3):
 PSYoungGen      total 13312K, used 768K [0x00000000d5580000, 0x00000000d6480000, 0x0000000100000000)
  eden space 12288K, 0% used [0x00000000d5580000,0x00000000d5580000,0x00000000d6180000)
  from space 1024K, 75% used [0x00000000d6380000,0x00000000d6440020,0x00000000d6480000)
  to   space 1024K, 0% used [0x00000000d6280000,0x00000000d6280000,0x00000000d6380000)
 ParOldGen       total 72192K, used 58488K [0x0000000080000000, 0x0000000084680000, 0x00000000d5580000)
  object space 72192K, 81% used [0x0000000080000000,0x000000008391e3a8,0x0000000084680000)
 Metaspace       used 62008K, committed 63552K, reserved 1114112K
  class space    used 6668K, committed 7296K, reserved 1048576K
}

