# JRE version: OpenJDK Runtime Environment Temurin-21.0.9+10 (21.0.9+10) (build 21.0.9+10-LTS)
# Java VM: OpenJDK 64-Bit Server VM Temurin-21.0.9+10 (21.0.9+10-LTS, mixed mode, sharing, tiered, compressed oops, compressed class ptrs, parallel gc, windows-amd64)
GC Precious Log:
 CardTable entry size: 512
 CPUs: 12 total, 12 available
 Memory: 7579M
 Large Page Support: Disabled
 NUMA Support: Disabled
 Compressed Oops: Enabled (32-bit)
 Alignments: Space 512K, Generation 512K, Heap 2M
 Heap Min Capacity: 100M
 Heap Initial Capacity: 100M
 Heap Max Capacity: 2G
 Pre-touch: Disabled
 Parallel Workers: 10
Heap:
 PSYoungGen      total 3072K, used 3003K [0x00000000d5580000, 0x00000000d5980000, 0x0000000100000000)
  eden space 2560K, 97% used [0x00000000d5580000,0x00000000d57eefc8,0x00000000d5800000)
  from space 512K, 100% used [0x00000000d5900000,0x00000000d5980000,0x00000000d5980000)
  to   space 512K, 0% used [0x00000000d5800000,0x00000000d5800000,0x00000000d5880000)
 ParOldGen       total 314880K, used 123668K [0x0000000080000000, 0x0000000093380000, 0x00000000d5580000)
  object space 314880K, 39% used [0x0000000080000000,0x00000000878c50b8,0x0000000093380000)
 Metaspace       used 86828K, committed 88768K, reserved 1179648K
  class space    used 9299K, committed 10176K, reserved 1048576K
GC Heap History (20 events):
Event: 329.104 GC heap before
{Heap before GC invocations=269 (full 4):
 PSYoungGen      total 3072K, used 2780K [0x00000000d5580000, 0x00000000d5980000, 0x0000000100000000)
  eden space 2560K, 97% used [0x00000000d5580000,0x00000000d57ef0f0,0x00000000d5800000)
  from space 512K, 56% used [0x00000000d5900000,0x00000000d5948000,0x00000000d5980000)
  to   space 512K, 0% used [0x00000000d5800000,0x00000000d5800000,0x00000000d5880000)
 ParOldGen       total 314880K, used 117058K [0x0000000080000000, 0x0000000093380000, 0x00000000d5580000)
  object space 314880K, 37% used [0x0000000080000000,0x0000000087250aa8,0x0000000093380000)
 Metaspace       used 86707K, committed 88640K, reserved 1179648K
  class space    used 9286K, committed 10176K, reserved 1048576K
}
Event: 329.105 GC heap after
{Heap after GC invocations=269 (full 4):
 PSYoungGen      total 3072K, used 490K [0x00000000d5580000, 0x00000000d5a00000, 0x0000000100000000)
  eden space 2560K, 0% used [0x00000000d5580000,0x00000000d5580000,0x00000000d5800000)
  from space 512K, 95% used [0x00000000d5800000,0x00000000d587a910,0x00000000d5880000)
  to   space 1024K, 0% used [0x00000000d5900000,0x00000000d5900000,0x00000000d5a00000)
 ParOldGen       total 314880K, used 117154K [0x0000000080000000, 0x0000000093380000, 0x00000000d5580000)
  object space 314880K, 37% used [0x0000000080000000,0x0000000087268aa8,0x0000000093380000)
 Metaspace       used 86707K, committed 88640K, reserved 1179648K
  class space    used 9286K, committed 10176K, reserved 1048576K
}
Event: 329.114 GC heap before
{Heap before GC invocations=270 (full 4):
 PSYoungGen      total 3072K, used 3050K [0x00000000d5580000, 0x00000000d5a00000, 0x0000000100000000)
  eden space 2560K, 100% used [0x00000000d5580000,0x00000000d5800000,0x00000000d5800000)
  from space 512K, 95% used [0x00000000d5800000,0x00000000d587a910,0x00000000d5880000)
  to   space 1024K, 0% used [0x00000000d5900000,0x00000000d5900000,0x00000000d5a00000)
 ParOldGen       total 314880K, used 117154K [0x0000000080000000, 0x0000000093380000, 0x00000000d5580000)
  object space 314880K, 37% used [0x0000000080000000,0x0000000087268aa8,0x0000000093380000)
 Metaspace       used 86711K, committed 88640K, reserved 1179648K
  class space    used 9286K, committed 10176K, reserved 1048576K
}
Event: 329.116 GC heap after
{Heap after GC invocations=270 (full 4):
 PSYoungGen      total 3072K, used 256K [0x00000000d5580000, 0x00000000d5980000, 0x0000000100000000)
  eden space 2560K, 0% used [0x00000000d5580000,0x00000000d5580000,0x00000000d5800000)
  from space 512K, 50% used [0x00000000d5900000,0x00000000d5940000,0x00000000d5980000)
  to   space 512K, 0% used [0x00000000d5800000,0x00000000d5800000,0x00000000d5880000)
 ParOldGen       total 314880K, used 117623K [0x0000000080000000, 0x0000000093380000, 0x00000000d5580000)
  object space 314880K, 37% used [0x0000000080000000,0x00000000872ddcb8,0x0000000093380000)
 Metaspace       used 86711K, committed 88640K, reserved 1179648K
  class space    used 9286K, committed 10176K, reserved 1048576K
}
Event: 329.123 GC heap before
{Heap before GC invocations=271 (full 4):
 PSYoungGen      total 3072K, used 2797K [0x00000000d5580000, 0x00000000d5980000, 0x0000000100000000)
  eden space 2560K, 99% used [0x00000000d5580000,0x00000000d57fb528,0x00000000d5800000)
  from space 512K, 50% used [0x00000000d5900000,0x00000000d5940000,0x00000000d5980000)
  to   space 512K, 0% used [0x00000000d5800000,0x00000000d5800000,0x00000000d5880000)
 ParOldGen       total 314880K, used 117623K [0x0000000080000000, 0x0000000093380000, 0x00000000d5580000)
  object space 314880K, 37% used [0x0000000080000000,0x00000000872ddcb8,0x0000000093380000)
 Metaspace       used 86718K, committed 88640K, reserved 1179648K
  class space    used 9286K, committed 10176K, reserved 1048576K
}
Event: 329.124 GC heap after
{Heap after GC invocations=271 (full 4):
 PSYoungGen      total 3072K, used 250K [0x00000000d5580000, 0x00000000d5980000, 0x0000000100000000)
  eden space 2560K, 0% used [0x00000000d5580000,0x00000000d5580000,0x00000000d5800000)
  from space 512K, 48% used [0x00000000d5800000,0x00000000d583e900,0x00000000d5880000)
  to   space 512K, 0% used [0x00000000d5900000,0x00000000d5900000,0x00000000d5980000)
 ParOldGen       total 314880K, used 117703K [0x0000000080000000, 0x0000000093380000, 0x00000000d5580000)
  object space 314880K, 37% used [0x0000000080000000,0x00000000872f1cb8,0x0000000093380000)
 Metaspace       used 86718K, committed 88640K, reserved 1179648K
  class space    used 9286K, committed 10176K, reserved 1048576K
}
Event: 329.132 GC heap before
{Heap before GC invocations=272 (full 4):
 PSYoungGen      total 3072K, used 2787K [0x00000000d5580000, 0x00000000d5980000, 0x0000000100000000)
  eden space 2560K, 99% used [0x00000000d5580000,0x00000000d57fa358,0x00000000d5800000)
  from space 512K, 48% used [0x00000000d5800000,0x00000000d583e900,0x00000000d5880000)
  to   space 512K, 0% used [0x00000000d5900000,0x00000000d5900000,0x00000000d5980000)
 ParOldGen       total 314880K, used 117703K [0x0000000080000000, 0x0000000093380000, 0x00000000d5580000)
  object space 314880K, 37% used [0x0000000080000000,0x00000000872f1cb8,0x0000000093380000)
 Metaspace       used 86732K, committed 88704K, reserved 1179648K
  class space    used 9286K, committed 10176K, reserved 1048576K
}
Event: 329.133 GC heap after
{Heap after GC invocations=272 (full 4):
 PSYoungGen      total 3072K, used 320K [0x00000000d5580000, 0x00000000d5980000, 0x0000000100000000)
  eden space 2560K, 0% used [0x00000000d5580000,0x00000000d5580000,0x00000000d5800000)
  from space 512K, 62% used [0x00000000d5900000,0x00000000d5950000,0x00000000d5980000)
  to   space 512K, 0% used [0x00000000d5800000,0x00000000d5800000,0x00000000d5880000)
 ParOldGen       total 314880K, used 117767K [0x0000000080000000, 0x0000000093380000, 0x00000000d5580000)
  object space 314880K, 37% used [0x0000000080000000,0x0000000087301cb8,0x0000000093380000)
 Metaspace       used 86732K, committed 88704K, reserved 1179648K
  class space    used 9286K, committed 10176K, reserved 1048576K
}
Event: 329.148 GC heap before
{Heap before GC invocations=273 (full 4):
 PSYoungGen      total 3072K, used 2793K [0x00000000d5580000, 0x00000000d5980000, 0x0000000100000000)
  eden space 2560K, 96% used [0x00000000d5580000,0x00000000d57ea550,0x00000000d5800000)
  from space 512K, 62% used [0x00000000d5900000,0x00000000d5950000,0x00000000d5980000)
  to   space 512K, 0% used [0x00000000d5800000,0x00000000d5800000,0x00000000d5880000)
 ParOldGen       total 314880K, used 117767K [0x0000000080000000, 0x0000000093380000, 0x00000000d5580000)
  object space 314880K, 37% used [0x0000000080000000,0x0000000087301cb8,0x0000000093380000)
 Metaspace       used 86796K, committed 88768K, reserved 1179648K
  class space    used 9297K, committed 10176K, reserved 1048576K
}
Event: 329.149 GC heap after
{Heap after GC invocations=273 (full 4):
 PSYoungGen      total 3072K, used 438K [0x00000000d5580000, 0x00000000d5980000, 0x0000000100000000)
  eden space 2560K, 0% used [0x00000000d5580000,0x00000000d5580000,0x00000000d5800000)
  from space 512K, 85% used [0x00000000d5800000,0x00000000d586db10,0x00000000d5880000)
  to   space 512K, 0% used [0x00000000d5900000,0x00000000d5900000,0x00000000d5980000)
 ParOldGen       total 314880K, used 117855K [0x0000000080000000, 0x0000000093380000, 0x00000000d5580000)
  object space 314880K, 37% used [0x0000000080000000,0x0000000087317cb8,0x0000000093380000)
 Metaspace       used 86796K, committed 88768K, reserved 1179648K
  class space    used 9297K, committed 10176K, reserved 1048576K
}
Event: 329.166 GC heap before
{Heap before GC invocations=274 (full 4):
 PSYoungGen      total 3072K, used 2998K [0x00000000d5580000, 0x00000000d5980000, 0x0000000100000000)
  eden space 2560K, 99% used [0x00000000d5580000,0x00000000d57ffff8,0x00000000d5800000)
  from space 512K, 85% used [0x00000000d5800000,0x00000000d586db10,0x00000000d5880000)
  to   space 512K, 0% used [0x00000000d5900000,0x00000000d5900000,0x00000000d5980000)
 ParOldGen       total 314880K, used 117855K [0x0000000080000000, 0x0000000093380000, 0x00000000d5580000)
  object space 314880K, 37% used [0x0000000080000000,0x0000000087317cb8,0x0000000093380000)
 Metaspace       used 86801K, committed 88768K, reserved 1179648K
  class space    used 9297K, committed 10176K, reserved 1048576K
}
Event: 329.167 GC heap after
{Heap after GC invocations=274 (full 4):
 PSYoungGen      total 3072K, used 352K [0x00000000d5580000, 0x00000000d5980000, 0x0000000100000000)
  eden space 2560K, 0% used [0x00000000d5580000,0x00000000d5580000,0x00000000d5800000)
  from space 512K, 68% used [0x00000000d5900000,0x00000000d5958000,0x00000000d5980000)
  to   space 512K, 0% used [0x00000000d5800000,0x00000000d5800000,0x00000000d5880000)
 ParOldGen       total 314880K, used 117951K [0x0000000080000000, 0x0000000093380000, 0x00000000d5580000)
  object space 314880K, 37% used [0x0000000080000000,0x000000008732fcb8,0x0000000093380000)
 Metaspace       used 86801K, committed 88768K, reserved 1179648K
  class space    used 9297K, committed 10176K, reserved 1048576K
}
Event: 329.187 GC heap before
{Heap before GC invocations=275 (full 4):
 PSYoungGen      total 3072K, used 2912K [0x00000000d5580000, 0x00000000d5980000, 0x0000000100000000)
  eden space 2560K, 100% used [0x00000000d5580000,0x00000000d5800000,0x00000000d5800000)
  from space 512K, 68% used [0x00000000d5900000,0x00000000d5958000,0x00000000d5980000)
  to   space 512K, 0% used [0x00000000d5800000,0x00000000d5800000,0x00000000d5880000)
 ParOldGen       total 314880K, used 117951K [0x0000000080000000, 0x0000000093380000, 0x00000000d5580000)
  object space 314880K, 37% used [0x0000000080000000,0x000000008732fcb8,0x0000000093380000)
 Metaspace       used 86817K, committed 88768K, reserved 1179648K
  class space    used 9297K, committed 10176K, reserved 1048576K
}
Event: 329.189 GC heap after
{Heap after GC invocations=275 (full 4):
 PSYoungGen      total 3072K, used 512K [0x00000000d5580000, 0x00000000d5980000, 0x0000000100000000)
  eden space 2560K, 0% used [0x00000000d5580000,0x00000000d5580000,0x00000000d5800000)
  from space 512K, 100% used [0x00000000d5800000,0x00000000d5880000,0x00000000d5880000)
  to   space 512K, 0% used [0x00000000d5900000,0x00000000d5900000,0x00000000d5980000)
 ParOldGen       total 314880K, used 118203K [0x0000000080000000, 0x0000000093380000, 0x00000000d5580000)
  object space 314880K, 37% used [0x0000000080000000,0x000000008736eec8,0x0000000093380000)
 Metaspace       used 86817K, committed 88768K, reserved 1179648K
  class space    used 9297K, committed 10176K, reserved 1048576K
}
Event: 329.200 GC heap before
{Heap before GC invocations=276 (full 4):
 PSYoungGen      total 3072K, used 3072K [0x00000000d5580000, 0x00000000d5980000, 0x0000000100000000)
  eden space 2560K, 100% used [0x00000000d5580000,0x00000000d5800000,0x00000000d5800000)
  from space 512K, 100% used [0x00000000d5800000,0x00000000d5880000,0x00000000d5880000)
  to   space 512K, 0% used [0x00000000d5900000,0x00000000d5900000,0x00000000d5980000)
 ParOldGen       total 314880K, used 118203K [0x0000000080000000, 0x0000000093380000, 0x00000000d5580000)
  object space 314880K, 37% used [0x0000000080000000,0x000000008736eec8,0x0000000093380000)
 Metaspace       used 86828K, committed 88768K, reserved 1179648K
  class space    used 9299K, committed 10176K, reserved 1048576K
}
Event: 329.203 GC heap after
{Heap after GC invocations=276 (full 4):
 PSYoungGen      total 3072K, used 488K [0x00000000d5580000, 0x00000000d5980000, 0x0000000100000000)
  eden space 2560K, 0% used [0x00000000d5580000,0x00000000d5580000,0x00000000d5800000)
  from space 512K, 95% used [0x00000000d5900000,0x00000000d597a3b8,0x00000000d5980000)
  to   space 512K, 0% used [0x00000000d5800000,0x00000000d5800000,0x00000000d5880000)
 ParOldGen       total 314880K, used 119438K [0x0000000080000000, 0x0000000093380000, 0x00000000d5580000)
  object space 314880K, 37% used [0x0000000080000000,0x00000000874a3b80,0x0000000093380000)
 Metaspace       used 86828K, committed 88768K, reserved 1179648K
  class space    used 9299K, committed 10176K, reserved 1048576K
}
Event: 329.208 GC heap before
{Heap before GC invocations=277 (full 4):
 PSYoungGen      total 3072K, used 3048K [0x00000000d5580000, 0x00000000d5980000, 0x0000000100000000)
  eden space 2560K, 100% used [0x00000000d5580000,0x00000000d5800000,0x00000000d5800000)
  from space 512K, 95% used [0x00000000d5900000,0x00000000d597a3b8,0x00000000d5980000)
  to   space 512K, 0% used [0x00000000d5800000,0x00000000d5800000,0x00000000d5880000)
 ParOldGen       total 314880K, used 119438K [0x0000000080000000, 0x0000000093380000, 0x00000000d5580000)
  object space 314880K, 37% used [0x0000000080000000,0x00000000874a3b80,0x0000000093380000)
 Metaspace       used 86828K, committed 88768K, reserved 1179648K
  class space    used 9299K, committed 10176K, reserved 1048576K
}
Event: 329.210 GC heap after
{Heap after GC invocations=277 (full 4):
 PSYoungGen      total 3072K, used 512K [0x00000000d5580000, 0x00000000d5980000, 0x0000000100000000)
  eden space 2560K, 0% used [0x00000000d5580000,0x00000000d5580000,0x00000000d5800000)
  from space 512K, 100% used [0x00000000d5800000,0x00000000d5880000,0x00000000d5880000)
  to   space 512K, 0% used [0x00000000d5900000,0x00000000d5900000,0x00000000d5980000)
 ParOldGen       total 314880K, used 121444K [0x0000000080000000, 0x0000000093380000, 0x00000000d5580000)
  object space 314880K, 38% used [0x0000000080000000,0x0000000087699018,0x0000000093380000)
 Metaspace       used 86828K, committed 88768K, reserved 1179648K
  class space    used 9299K, committed 10176K, reserved 1048576K
}
Event: 329.218 GC heap before
{Heap before GC invocations=278 (full 4):
 PSYoungGen      total 3072K, used 3072K [0x00000000d5580000, 0x00000000d5980000, 0x0000000100000000)
  eden space 2560K, 100% used [0x00000000d5580000,0x00000000d5800000,0x00000000d5800000)
  from space 512K, 100% used [0x00000000d5800000,0x00000000d5880000,0x00000000d5880000)
  to   space 512K, 0% used [0x00000000d5900000,0x00000000d5900000,0x00000000d5980000)
 ParOldGen       total 314880K, used 121444K [0x0000000080000000, 0x0000000093380000, 0x00000000d5580000)
  object space 314880K, 38% used [0x0000000080000000,0x0000000087699018,0x0000000093380000)
 Metaspace       used 86828K, committed 88768K, reserved 1179648K
  class space    used 9299K, committed 10176K, reserved 1048576K
}
Event: 329.222 GC heap after
{Heap after GC invocations=278 (full 4):
 PSYoungGen      total 3072K, used 512K [0x00000000d5580000, 0x00000000d5980000, 0x0000000100000000)
  eden space 2560K, 0% used [0x00000000d5580000,0x00000000d5580000,0x00000000d5800000)
  from space 512K, 100% used [0x00000000d5900000,0x00000000d5980000,0x00000000d5980000)
  to   space 512K, 0% used [0x00000000d5800000,0x00000000d5800000,0x00000000d5880000)
 ParOldGen       total 314880K, used 123668K [0x0000000080000000, 0x0000000093380000, 0x00000000d5580000)
  object space 314880K, 39% used [0x0000000080000000,0x00000000878c50b8,0x0000000093380000)
 Metaspace       used 86828K, committed 88768K, reserved 1179648K
  class space    used 9299K, committed 10176K, reserved 1048576K
}

